\BOOKMARK [0][]{chapter*.1}{List of Publications}{}
\BOOKMARK [0][]{section*.4}{List of Figures}{}
\BOOKMARK [0][]{section*.6}{List of Tables}{}
\BOOKMARK [0][]{chapter.1}{1 Introduction}{}
\BOOKMARK [1][]{section.1.1}{1.1 Motivation for Researching Cool Evolved Stellar Outflows}{chapter.1}
\BOOKMARK [1][]{section.1.2}{1.2 The Nature of Cool Evolved Stellar Outflows}{chapter.1}
\BOOKMARK [1][]{section.1.3}{1.3 Basic Concepts of Stellar Winds}{chapter.1}
\BOOKMARK [1][]{section.1.4}{1.4 Stellar Winds Across the HR Diagram}{chapter.1}
\BOOKMARK [1][]{section.1.5}{1.5 Red Giant and Red Supergiant Evolution}{chapter.1}
\BOOKMARK [1][]{section.1.6}{1.6 Radio Emission from Stellar Atmospheres}{chapter.1}
\BOOKMARK [2][]{subsection.1.6.1}{1.6.1 Free-free Emission}{section.1.6}
\BOOKMARK [2][]{subsection.1.6.2}{1.6.2 Molecular Line Emission}{section.1.6}
\BOOKMARK [2][]{subsection.1.6.3}{1.6.3 Other Emission Mechanisms}{section.1.6}
\BOOKMARK [1][]{section.1.7}{1.7 Radio Observations of Stellar Atmospheres}{chapter.1}
\BOOKMARK [2][]{subsection.1.7.1}{1.7.1 Brightness Temperature}{section.1.7}
\BOOKMARK [2][]{subsection.1.7.2}{1.7.2 Brightness Temperature and Flux Density}{section.1.7}
\BOOKMARK [2][]{subsection.1.7.3}{1.7.3 Thermal Free-free Radio Opacity}{section.1.7}
\BOOKMARK [2][]{subsection.1.7.4}{1.7.4 Radio Excess from Stellar Outflows}{section.1.7}
\BOOKMARK [1][]{section.1.8}{1.8 Goals of this Thesis}{chapter.1}
\BOOKMARK [0][]{appendix.A}{A List of Abbreviations Used in this Thesis.}{}
\BOOKMARK [0][]{appendix.B}{B Ambipolar Diffusion Heating}{}
\BOOKMARK [0][]{section*.12}{References}{}
